<?xml version="1.0" encoding="UTF-8"?>
<testsuite name="com.fullcycle.gatalogue.admin.application.UseCaseTest" tests="1" skipped="0" failures="0" errors="0" timestamp="2022-05-15T22:20:49" hostname="Perycles-Windows" time="0.012">
  <properties/>
  <testcase name="testCreateUseCase()" classname="com.fullcycle.gatalogue.admin.application.UseCaseTest" time="0.012"/>
  <system-out><![CDATA[]]></system-out>
  <system-err><![CDATA[]]></system-err>
</testsuite>
