<?xml version="1.0" encoding="UTF-8"?>
<testsuite name="com.fullcycle.catalogue.admin.domain.category.CategoryTest" tests="1" skipped="0" failures="0" errors="0" timestamp="2022-05-15T22:21:22" hostname="Perycles-Windows" time="0.012">
  <properties/>
  <testcase name="givenAValidCategory_whenCallUpdateWithInvalidParam_thenCategoryUpdate()" classname="com.fullcycle.catalogue.admin.domain.category.CategoryTest" time="0.012"/>
  <system-out><![CDATA[]]></system-out>
  <system-err><![CDATA[]]></system-err>
</testsuite>
